0 info it worked if it ends with ok
1 verbose cli [ 'node', '/usr/local/bin/npm', 'install', '-g', 'karma' ]
2 info using npm@1.1.36
3 info using node@v0.8.2
4 verbose config file /Users/brian/.npmrc
5 verbose config file /usr/local/etc/npmrc
6 verbose config file /usr/local/lib/node_modules/npm/npmrc
7 verbose read json /usr/local/lib/package.json
8 verbose read json /usr/local/lib/package.json
9 verbose cache add [ 'karma', null ]
10 silly cache add name=undefined spec="karma" args=["karma",null]
11 verbose parsed url { pathname: 'karma', path: 'karma', href: 'karma' }
12 silly lockFile 512423cb-karma karma
13 verbose lock karma /Users/brian/.npm/512423cb-karma.lock
14 silly lockFile 512423cb-karma karma
15 verbose addNamed [ 'karma', '' ]
16 verbose addNamed [ null, '' ]
17 silly lockFile cd7961bb-karma karma@
18 verbose lock karma@ /Users/brian/.npm/cd7961bb-karma.lock
19 silly addNameRange { name: 'karma', range: '', hasData: false }
20 verbose url raw karma
21 verbose url resolving [ 'https://registry.npmjs.org/', './karma' ]
22 verbose url resolved https://registry.npmjs.org/karma
23 info retry registry request attempt 1 at 10:00:27
24 http GET https://registry.npmjs.org/karma
25 http 200 https://registry.npmjs.org/karma
26 silly registry.get cb [ 200,
26 silly registry.get   { vary: 'Accept',
26 silly registry.get     server: 'CouchDB/1.3.0 (Erlang OTP/R15B03)',
26 silly registry.get     etag: '"E81CHKLDDF6QMSA738WLQDNAW"',
26 silly registry.get     date: 'Wed, 08 May 2013 14:00:33 GMT',
26 silly registry.get     'content-type': 'application/json',
26 silly registry.get     age: '1',
26 silly registry.get     via: 'HTTPS/1.1 localhost.localdomain',
26 silly registry.get     'content-length': '114024' } ]
27 silly addNameRange number 2 { name: 'karma', range: '', hasData: true }
28 silly addNameRange versions [ 'karma',
28 silly addNameRange   [ '0.8.0',
28 silly addNameRange     '0.9.0-dart',
28 silly addNameRange     '0.8.1',
28 silly addNameRange     '0.8.2',
28 silly addNameRange     '0.8.3',
28 silly addNameRange     '0.9.0',
28 silly addNameRange     '0.8.4',
28 silly addNameRange     '0.9.1',
28 silly addNameRange     '0.8.5',
28 silly addNameRange     '0.9.2',
28 silly addNameRange     '0.9.2-dart' ] ]
29 verbose addNamed [ 'karma', '0.8.5' ]
30 verbose addNamed [ '0.8.5', '0.8.5' ]
31 silly lockFile 0d5eaa2e-karma-0-8-5 karma@0.8.5
32 verbose lock karma@0.8.5 /Users/brian/.npm/0d5eaa2e-karma-0-8-5.lock
33 silly lockFile ab576a9d--npmjs-org-karma-karma-0-8-5-tgz https://registry.npmjs.org/karma/-/karma-0.8.5.tgz
34 verbose lock https://registry.npmjs.org/karma/-/karma-0.8.5.tgz /Users/brian/.npm/ab576a9d--npmjs-org-karma-karma-0-8-5-tgz.lock
35 verbose addRemoteTarball [ 'https://registry.npmjs.org/karma/-/karma-0.8.5.tgz',
35 verbose addRemoteTarball   '2643262ac459e604cc6ea8043cfd369c8be8fdac' ]
36 info retry fetch attempt 1 at 10:00:32
37 verbose fetch to= /var/folders/pc/ddjk8yb945g7kf966lv2m38h0000gp/T/npm-13764/1368021632948-0.6882160403765738/tmp.tgz
38 http GET https://registry.npmjs.org/karma/-/karma-0.8.5.tgz
39 http 200 https://registry.npmjs.org/karma/-/karma-0.8.5.tgz
40 silly shasum updated bytes 40960
41 silly shasum updated bytes 40960
42 silly shasum updated bytes 40960
43 silly shasum updated bytes 40960
44 silly shasum updated bytes 40960
45 silly shasum updated bytes 40960
46 silly shasum updated bytes 40960
47 silly shasum updated bytes 40960
48 silly shasum updated bytes 21328
49 info shasum 2643262ac459e604cc6ea8043cfd369c8be8fdac
49 info shasum /var/folders/pc/ddjk8yb945g7kf966lv2m38h0000gp/T/npm-13764/1368021632948-0.6882160403765738/tmp.tgz
50 verbose tar unpack /var/folders/pc/ddjk8yb945g7kf966lv2m38h0000gp/T/npm-13764/1368021632948-0.6882160403765738/tmp.tgz
51 silly lockFile 36ca5467-32948-0-6882160403765738-package /var/folders/pc/ddjk8yb945g7kf966lv2m38h0000gp/T/npm-13764/1368021632948-0.6882160403765738/package
52 verbose lock /var/folders/pc/ddjk8yb945g7kf966lv2m38h0000gp/T/npm-13764/1368021632948-0.6882160403765738/package /Users/brian/.npm/36ca5467-32948-0-6882160403765738-package.lock
53 silly gunzTarPerm modes [ '755', '644' ]
54 silly gunzTarPerm extractEntry package.json
55 silly gunzTarPerm extractEntry README.md
56 silly gunzTarPerm extractEntry LICENSE
57 silly gunzTarPerm extractEntry adapter/angular-scenario.js
58 silly gunzTarPerm extractEntry adapter/jasmine.js
59 silly gunzTarPerm extractEntry adapter/mocha.js
60 silly gunzTarPerm extractEntry adapter/qunit.js
61 silly gunzTarPerm extractEntry adapter/require.js
62 silly gunzTarPerm extractEntry adapter/lib/angular-scenario.js
63 silly gunzTarPerm extractEntry adapter/lib/jasmine.js
64 silly gunzTarPerm extractEntry adapter/lib/mocha.js
65 silly gunzTarPerm extractEntry adapter/lib/qunit.js
66 silly gunzTarPerm extractEntry adapter/lib/require.js
67 silly gunzTarPerm extractEntry CHANGELOG.md
68 silly gunzTarPerm extractEntry .mailmap
69 silly gunzTarPerm extractEntry bin/karma
70 silly gunzTarPerm extractEntry config.template
71 silly gunzTarPerm extractEntry lib/browser.js
72 silly gunzTarPerm extractEntry lib/helper.js
73 silly gunzTarPerm extractEntry lib/index.js
74 silly gunzTarPerm extractEntry lib/init.js
75 silly gunzTarPerm extractEntry lib/file-list.js
76 silly gunzTarPerm extractEntry lib/cli.js
77 silly gunzTarPerm extractEntry lib/logger.js
78 silly gunzTarPerm extractEntry lib/preprocessor.js
79 silly gunzTarPerm extractEntry lib/watcher.js
80 silly gunzTarPerm extractEntry lib/proxy.js
81 silly gunzTarPerm extractEntry lib/events.js
82 silly gunzTarPerm extractEntry lib/reporter.js
83 silly gunzTarPerm extractEntry lib/constants.js
84 silly gunzTarPerm extractEntry lib/server.js
85 silly gunzTarPerm extractEntry lib/config.js
86 silly gunzTarPerm extractEntry lib/runner.js
87 silly gunzTarPerm extractEntry lib/launcher.js
88 silly gunzTarPerm extractEntry lib/web-server.js
89 silly gunzTarPerm extractEntry lib/reporters/Base.js
90 silly gunzTarPerm extractEntry lib/reporters/Coverage.js
91 silly gunzTarPerm extractEntry lib/reporters/Dots.js
92 silly gunzTarPerm extractEntry lib/reporters/DotsColor.js
93 silly gunzTarPerm extractEntry lib/reporters/Growl.js
94 silly gunzTarPerm extractEntry lib/reporters/BaseColor.js
95 silly gunzTarPerm extractEntry lib/reporters/Multi.js
96 silly gunzTarPerm extractEntry lib/reporters/Progress.js
97 silly gunzTarPerm extractEntry lib/reporters/ProgressColor.js
98 silly gunzTarPerm extractEntry lib/reporters/Teamcity.js
99 silly gunzTarPerm extractEntry lib/reporters/JUnit.js
100 silly gunzTarPerm extractEntry lib/reporters/images/error.png
101 silly gunzTarPerm extractEntry lib/reporters/images/failed.png
102 silly gunzTarPerm extractEntry lib/reporters/images/success.png
103 silly gunzTarPerm extractEntry lib/preprocessors/Coffee.js
104 silly gunzTarPerm extractEntry lib/preprocessors/Coverage.js
105 silly gunzTarPerm extractEntry lib/preprocessors/Html2js.js
106 silly gunzTarPerm extractEntry lib/preprocessors/Live.js
107 silly gunzTarPerm extractEntry lib/launchers/Base.js
108 silly gunzTarPerm extractEntry lib/launchers/Chrome.js
109 silly gunzTarPerm extractEntry lib/launchers/ChromeCanary.js
110 silly gunzTarPerm extractEntry lib/launchers/Firefox.js
111 silly gunzTarPerm extractEntry lib/launchers/IE.js
112 silly gunzTarPerm extractEntry lib/launchers/Opera.js
113 silly gunzTarPerm extractEntry lib/launchers/PhantomJS.js
114 silly gunzTarPerm extractEntry lib/launchers/Safari.js
115 silly gunzTarPerm extractEntry .gitattributes
116 silly gunzTarPerm extractEntry static/testacular.js
117 silly gunzTarPerm extractEntry static/client.html
118 silly gunzTarPerm extractEntry static/context.html
119 silly gunzTarPerm extractEntry static/debug.html
120 silly gunzTarPerm extractEntry static/safari.html
121 verbose read json /var/folders/pc/ddjk8yb945g7kf966lv2m38h0000gp/T/npm-13764/1368021632948-0.6882160403765738/package/package.json
122 silly lockFile 36ca5467-32948-0-6882160403765738-package /var/folders/pc/ddjk8yb945g7kf966lv2m38h0000gp/T/npm-13764/1368021632948-0.6882160403765738/package
123 verbose from cache /var/folders/pc/ddjk8yb945g7kf966lv2m38h0000gp/T/npm-13764/1368021632948-0.6882160403765738/package/package.json
124 verbose tar pack [ '/Users/brian/.npm/karma/0.8.5/package.tgz',
124 verbose tar pack   '/var/folders/pc/ddjk8yb945g7kf966lv2m38h0000gp/T/npm-13764/1368021632948-0.6882160403765738/package' ]
125 verbose tarball /Users/brian/.npm/karma/0.8.5/package.tgz
126 verbose folder /var/folders/pc/ddjk8yb945g7kf966lv2m38h0000gp/T/npm-13764/1368021632948-0.6882160403765738/package
127 silly lockFile a3139dd0-rian-npm-karma-0-8-5-package-tgz /Users/brian/.npm/karma/0.8.5/package.tgz
128 verbose lock /Users/brian/.npm/karma/0.8.5/package.tgz /Users/brian/.npm/a3139dd0-rian-npm-karma-0-8-5-package-tgz.lock
129 silly lockFile a3139dd0-rian-npm-karma-0-8-5-package-tgz /Users/brian/.npm/karma/0.8.5/package.tgz
130 silly lockFile acbc0aed-rs-brian-npm-karma-0-8-5-package /Users/brian/.npm/karma/0.8.5/package
131 verbose lock /Users/brian/.npm/karma/0.8.5/package /Users/brian/.npm/acbc0aed-rs-brian-npm-karma-0-8-5-package.lock
132 silly lockFile acbc0aed-rs-brian-npm-karma-0-8-5-package /Users/brian/.npm/karma/0.8.5/package
133 verbose tar unpack /Users/brian/.npm/karma/0.8.5/package.tgz
134 silly lockFile acbc0aed-rs-brian-npm-karma-0-8-5-package /Users/brian/.npm/karma/0.8.5/package
135 verbose lock /Users/brian/.npm/karma/0.8.5/package /Users/brian/.npm/acbc0aed-rs-brian-npm-karma-0-8-5-package.lock
136 silly gunzTarPerm modes [ '755', '644' ]
137 silly gunzTarPerm extractEntry package.json
138 silly gunzTarPerm extractEntry README.md
139 silly gunzTarPerm extractEntry LICENSE
140 silly gunzTarPerm extractEntry config.template
141 silly gunzTarPerm extractEntry CHANGELOG.md
142 silly gunzTarPerm extractEntry .mailmap
143 silly gunzTarPerm extractEntry lib/browser.js
144 silly gunzTarPerm extractEntry lib/helper.js
145 silly gunzTarPerm extractEntry lib/index.js
146 silly gunzTarPerm extractEntry lib/init.js
147 silly gunzTarPerm extractEntry lib/file-list.js
148 silly gunzTarPerm extractEntry lib/cli.js
149 silly gunzTarPerm extractEntry lib/logger.js
150 silly gunzTarPerm extractEntry lib/preprocessor.js
151 silly gunzTarPerm extractEntry lib/watcher.js
152 silly gunzTarPerm extractEntry lib/proxy.js
153 silly gunzTarPerm extractEntry lib/events.js
154 silly gunzTarPerm extractEntry lib/reporter.js
155 silly gunzTarPerm extractEntry lib/constants.js
156 silly gunzTarPerm extractEntry lib/server.js
157 silly gunzTarPerm extractEntry lib/config.js
158 silly gunzTarPerm extractEntry lib/runner.js
159 silly gunzTarPerm extractEntry lib/launcher.js
160 silly gunzTarPerm extractEntry lib/web-server.js
161 silly gunzTarPerm extractEntry lib/reporters/Base.js
162 silly gunzTarPerm extractEntry lib/reporters/Coverage.js
163 silly gunzTarPerm extractEntry lib/reporters/Dots.js
164 silly gunzTarPerm extractEntry lib/reporters/DotsColor.js
165 silly gunzTarPerm extractEntry lib/reporters/Growl.js
166 silly gunzTarPerm extractEntry lib/reporters/BaseColor.js
167 silly gunzTarPerm extractEntry lib/reporters/JUnit.js
168 silly gunzTarPerm extractEntry lib/reporters/Multi.js
169 silly gunzTarPerm extractEntry lib/reporters/Progress.js
170 silly gunzTarPerm extractEntry lib/reporters/ProgressColor.js
171 silly gunzTarPerm extractEntry lib/reporters/Teamcity.js
172 silly gunzTarPerm extractEntry lib/reporters/images/error.png
173 silly gunzTarPerm extractEntry lib/reporters/images/failed.png
174 silly gunzTarPerm extractEntry lib/reporters/images/success.png
175 silly gunzTarPerm extractEntry lib/preprocessors/Coffee.js
176 silly gunzTarPerm extractEntry lib/preprocessors/Coverage.js
177 silly gunzTarPerm extractEntry lib/preprocessors/Html2js.js
178 silly gunzTarPerm extractEntry lib/preprocessors/Live.js
179 silly gunzTarPerm extractEntry lib/launchers/Base.js
180 silly gunzTarPerm extractEntry lib/launchers/Chrome.js
181 silly gunzTarPerm extractEntry lib/launchers/ChromeCanary.js
182 silly gunzTarPerm extractEntry lib/launchers/Firefox.js
183 silly gunzTarPerm extractEntry lib/launchers/IE.js
184 silly gunzTarPerm extractEntry lib/launchers/Opera.js
185 silly gunzTarPerm extractEntry lib/launchers/PhantomJS.js
186 silly gunzTarPerm extractEntry lib/launchers/Safari.js
187 silly gunzTarPerm extractEntry .gitattributes
188 silly gunzTarPerm extractEntry adapter/angular-scenario.js
189 silly gunzTarPerm extractEntry adapter/jasmine.js
190 silly gunzTarPerm extractEntry adapter/mocha.js
191 silly gunzTarPerm extractEntry adapter/qunit.js
192 silly gunzTarPerm extractEntry adapter/require.js
193 silly gunzTarPerm extractEntry adapter/lib/angular-scenario.js
194 silly gunzTarPerm extractEntry adapter/lib/jasmine.js
195 silly gunzTarPerm extractEntry adapter/lib/mocha.js
196 silly gunzTarPerm extractEntry adapter/lib/qunit.js
197 silly gunzTarPerm extractEntry adapter/lib/require.js
198 silly gunzTarPerm extractEntry bin/karma
199 silly gunzTarPerm extractEntry static/testacular.js
200 silly gunzTarPerm extractEntry static/client.html
201 silly gunzTarPerm extractEntry static/context.html
202 silly gunzTarPerm extractEntry static/debug.html
203 silly gunzTarPerm extractEntry static/safari.html
204 verbose read json /Users/brian/.npm/karma/0.8.5/package/package.json
205 silly lockFile acbc0aed-rs-brian-npm-karma-0-8-5-package /Users/brian/.npm/karma/0.8.5/package
206 silly shasum updated bytes 40960
207 silly shasum updated bytes 40960
208 silly shasum updated bytes 40960
209 silly shasum updated bytes 40960
210 silly shasum updated bytes 40960
211 silly shasum updated bytes 40960
212 silly shasum updated bytes 40960
213 silly shasum updated bytes 40960
214 silly shasum updated bytes 21218
215 info shasum 463017c77bd05d8b0b7e4f8349f1d4cffac50066
215 info shasum /Users/brian/.npm/karma/0.8.5/package.tgz
216 verbose from cache /Users/brian/.npm/karma/0.8.5/package/package.json
217 verbose chmod /Users/brian/.npm/karma/0.8.5/package.tgz 644
218 verbose chown /Users/brian/.npm/karma/0.8.5/package.tgz [ 502, 502 ]
219 silly lockFile ab576a9d--npmjs-org-karma-karma-0-8-5-tgz https://registry.npmjs.org/karma/-/karma-0.8.5.tgz
220 silly lockFile 0d5eaa2e-karma-0-8-5 karma@0.8.5
221 silly lockFile cd7961bb-karma karma@
222 silly resolved [ { name: 'karma',
222 silly resolved     description: 'Spectacular Test Runner for JavaScript.',
222 silly resolved     homepage: 'http://karma-runner.github.com/',
222 silly resolved     bugs: { url: 'https://github.com/karma-runner/karma/issues' },
222 silly resolved     keywords:
222 silly resolved      [ 'karma',
222 silly resolved        'spectacular',
222 silly resolved        'runner',
222 silly resolved        'testacular',
222 silly resolved        'js',
222 silly resolved        'javascript',
222 silly resolved        'testing',
222 silly resolved        'test',
222 silly resolved        'remote',
222 silly resolved        'execution' ],
222 silly resolved     author: { name: 'Vojta Jína', email: 'vojta.jina@gmail.com' },
222 silly resolved     contributors:
222 silly resolved      [ [Object],
222 silly resolved        [Object],
222 silly resolved        [Object],
222 silly resolved        [Object],
222 silly resolved        [Object],
222 silly resolved        [Object],
222 silly resolved        [Object],
222 silly resolved        [Object],
222 silly resolved        [Object],
222 silly resolved        [Object],
222 silly resolved        [Object],
222 silly resolved        [Object],
222 silly resolved        [Object],
222 silly resolved        [Object],
222 silly resolved        [Object],
222 silly resolved        [Object],
222 silly resolved        [Object],
222 silly resolved        [Object],
222 silly resolved        [Object],
222 silly resolved        [Object],
222 silly resolved        [Object],
222 silly resolved        [Object],
222 silly resolved        [Object],
222 silly resolved        [Object],
222 silly resolved        [Object],
222 silly resolved        [Object],
222 silly resolved        [Object],
222 silly resolved        [Object],
222 silly resolved        [Object],
222 silly resolved        [Object],
222 silly resolved        [Object],
222 silly resolved        [Object],
222 silly resolved        [Object],
222 silly resolved        [Object],
222 silly resolved        [Object],
222 silly resolved        [Object],
222 silly resolved        [Object] ],
222 silly resolved     dependencies:
222 silly resolved      { 'socket.io': '~0.9.13',
222 silly resolved        chokidar: '~0.6',
222 silly resolved        glob: '~3.1.21',
222 silly resolved        minimatch: '~0.2',
222 silly resolved        'http-proxy': '~0.10',
222 silly resolved        optimist: '0.3.5',
222 silly resolved        'coffee-script': '~1.6',
222 silly resolved        xmlbuilder: '0.4.2',
222 silly resolved        rimraf: '~2.1',
222 silly resolved        q: '~0.9',
222 silly resolved        LiveScript: '1.0.1',
222 silly resolved        colors: '0.6.0-1',
222 silly resolved        dateformat: '1.0.2-1.2.3',
222 silly resolved        istanbul: '0.1.22',
222 silly resolved        lodash: '~1.1',
222 silly resolved        growly: '~1.1',
222 silly resolved        pause: '0.0.1',
222 silly resolved        mime: '~1.2',
222 silly resolved        log4js: '~0.6.3' },
222 silly resolved     devDependencies:
222 silly resolved      { grunt: '~0.4',
222 silly resolved        'grunt-simple-mocha': 'git://github.com/yaymukund/grunt-simple-mocha.git',
222 silly resolved        'grunt-contrib-jshint': '~0.3',
222 silly resolved        mocks: '~0.0.10',
222 silly resolved        which: '~1.0',
222 silly resolved        'sinon-chai': '~2.3',
222 silly resolved        chai: '~1.5',
222 silly resolved        mocha: '~1.8',
222 silly resolved        sinon: '~1.6',
222 silly resolved        'timer-shim': '~0.2',
222 silly resolved        'chai-as-promised': '~3.2',
222 silly resolved        'mock-http-response': '~0.1',
222 silly resolved        qq: '~0.3' },
222 silly resolved     preferGlobal: true,
222 silly resolved     repository: { type: 'git', url: 'git://github.com/karma-runner/karma.git' },
222 silly resolved     main: './lib/index',
222 silly resolved     bin: { karma: './bin/karma' },
222 silly resolved     engines: { node: '~0.8 || ~0.10' },
222 silly resolved     version: '0.8.5',
222 silly resolved     readme: '# Karma [![Build Status](https://secure.travis-ci.org/karma-runner/karma.png?branch=stable)](http://travis-ci.org/karma-runner/karma) [![Build Status](https://secure.travis-ci.org/karma-runner/karma.png?branch=master)](http://travis-ci.org/karma-runner/karma)\n\nA simple tool that allows you to execute JavaScript code in multiple\n_real_ browsers, powered by [Node.js] and [Socket.io].\n\n> The main purpose of Karma is to make your TDD development easy,\n>  fast, and fun.\n\n\n## When should I use Karma?\n\n* You want to test code in *real* browsers.\n* You want to test code in multiple browsers (desktop, mobile,\n  tablets, etc.).\n* You want to execute your tests locally during development.\n* You want to execute your tests on a continuous integration server.\n* You want to execute your tests on every save.\n* You love your terminal.\n* You don\'t want your (testing) life to suck.\n* You want to use [Istanbul] to automagically generate coverage\n  reports.\n* You want to use [RequireJS] for your source files.\n\n\n## But I still want to use \\_insert testing library\\_\n\nKarma is not a testing framework, neither an assertion library,\nso for that you can use pretty much anything you like. Right now out\nof the box there is support for\n\n* [Mocha]\n* [Jasmine]\n* [QUnit]\n* \\_anything else\\_ Write your own adapter. It\'s not that hard. And we\n  are here to help.\n\n\n## Which Browsers can I use?\n\nAll the major browsers are supported, if you want to know more see the\n[Browsers] page.\n\n\n## I want to use it. Where do I sign?\n\nYou don\'t need to sign anything but here are some resources to help\nyou to get started.\n\n### Obligatory Screencast.\n\nEvery serious project has a screencast, so here is ours.  Just click\n[here] and let the show begin.\n\n### NPM Installation.\n\nIf you have [Node.js] installed, it\'s as simple as\n\n```bash\n$ npm install -g karma\n```\n\nThis will give you the latest stable version available on npm. If you\nwant to live life on the edge you can do so by\n\n```bash\n$ npm install -g karma@canary\n```\n\nThe curious can have a look at the [wiki] articles for\n[Getting Started] and [Versioning].\n\n### Using it.\n\nGo into your project and create a testacular configuration. That is\njust a simple JavaScript or CoffeeScript file that tells Karma\nwhere all the awesomeness of your project are.\n\nYou can find a simple example in\n[test/client/karma.conf.js](https://github.com/karma-runner/karma/blob/master/test/client/karma.conf.js)\nwhich contains most of the options.\n\nTo create your own from scratch there is the `init` command, which\nwill be named `karma.conf.js` by default:\n\n```bash\n$ karma init\n```\nThis will ask you many questions and if you answered them all correct\nyou will be allowed to use Karma.\n\nFor more information on the configuration options see\n[Configuration File Overview].\n\nNow that you have your configuration all that is left to do is to\nstart Karma:\n```bash\n$ karma start\n```\n\nIf you want to run tests manually (without auto watching file changes), you can:\n```bash\n$ karma run\n```\nBut only if you have started the Karma server before.\n\n\n## Why did you create this?\n\nThroughout the development of [AngularJS], we\'ve been using [JSTD] for\ntesting. I really think that JSTD is a great idea. Unfortunately, we\nhad many problems with JSTD, so we decided to write our own test\nrunner based on the same idea. We wanted a simple tool just for\nexecuting JavaScript tests that is both stable and fast. That\'s why we\nuse the awesome [Socket.io] library and [Node.js].\n\n\n## I still don\'t get it. Where can I get help?\n\n* [Wiki]\n* [Mailing List]\n* [Issuetracker]\n* [@JsKarma] on Twitter\n\n## This is so great. I want to help.\n\nSee\n[Contributing.md](https://github.com/karma-runner/karma/blob/master/CONTRIBUTING.md)\nor the [wiki] for more information.\n\n\n## My boss wants a license. So where is it?\n\n### The MIT License\n\n> Copyright (C) 2011-2013 Vojta Jína.\n>\n> Permission is hereby granted, free of charge, to any person\n> obtaining a copy of this software and associated documentation files\n> (the "Software"), to deal in the Software without restriction,\n> including without limitation the rights to use, copy, modify, merge,\n> publish, distribute, sublicense, and/or sell copies of the Software,\n> and to permit persons to whom the Software is furnished to do so,\n> subject to the following conditions:\n>\n> The above copyright notice and this permission notice shall be\n> included in all copies or substantial portions of the Software.\n>\n> THE SOFTWARE IS PROVIDED "AS IS", WITHOUT WARRANTY OF ANY KIND,\n> EXPRESS OR IMPLIED, INCLUDING BUT NOT LIMITED TO THE WARRANTIES OF\n> MERCHANTABILITY, FITNESS FOR A PARTICULAR PURPOSE AND\n> NONINFRINGEMENT. IN NO EVENT SHALL THE AUTHORS OR COPYRIGHT HOLDERS\n> BE LIABLE FOR ANY CLAIM, DAMAGES OR OTHER LIABILITY, WHETHER IN AN\n> ACTION OF CONTRACT, TORT OR OTHERWISE, ARISING FROM, OUT OF OR IN\n> CONNECTION WITH THE SOFTWARE OR THE USE OR OTHER DEALINGS IN THE\n> SOFTWARE.\n\n\n\n[AngularJS]: http://angularjs.org/\n[JSTD]: http://code.google.com/p/js-test-driver/\n[Socket.io]: http://socket.io/\n[Node.js]: http://nodejs.org/\n[Jasmine]: http://pivotal.github.com/jasmine/\n[Mocha]: http://visionmedia.github.com/mocha/\n[QUnit]: http://qunitjs.com/\n[Semantic Versioning]: http://semver.org/\n[here]: http://www.youtube.com/watch?v=MVw8N3hTfCI\n[installers]: http://nodejs.org/download/\n[wiki]: https://github.com/karma-runner/karma/wiki\n[Wiki]: https://github.com/karma-runner/karma/wiki\n[Getting Started]: https://github.com/karma-runner/karma/wiki/Getting-Started\n[Versioning]: https://github.com/karma-runner/karma/wiki/Versioning\n[Configuration File Overview]: https://github.com/karma-runner/karma/wiki/Configuration-File-Overview\n[Mailing List]: https://groups.google.com/forum/#!forum/karma-users\n[Issuetracker]: https://github.com/karma-runner/karma/issues\n[@JsKarma]: http://twitter.com/JsKarma\n[Browsers]: https://github.com/karma-runner/karma/wiki/Browsers\n[RequireJS]: http://requirejs.org/\n[Istanbul]: https://github.com/gotwarlost/istanbul\n\n',
222 silly resolved     _id: 'karma@0.8.5',
222 silly resolved     dist: { shasum: '463017c77bd05d8b0b7e4f8349f1d4cffac50066' },
222 silly resolved     _from: 'karma' } ]
223 info install karma@0.8.5 into /usr/local/lib
224 info installOne karma@0.8.5
225 verbose from cache /Users/brian/.npm/karma/0.8.5/package/package.json
226 info /usr/local/lib/node_modules/karma unbuild
227 verbose read json /usr/local/lib/node_modules/karma/package.json
228 verbose tar unpack /Users/brian/.npm/karma/0.8.5/package.tgz
229 silly lockFile dbe64a29-usr-local-lib-node-modules-karma /usr/local/lib/node_modules/karma
230 verbose lock /usr/local/lib/node_modules/karma /Users/brian/.npm/dbe64a29-usr-local-lib-node-modules-karma.lock
231 silly gunzTarPerm modes [ '755', '644' ]
232 error Error: EACCES, mkdir '/usr/local/lib/node_modules/karma'
232 error  { [Error: EACCES, mkdir '/usr/local/lib/node_modules/karma']
232 error   errno: 3,
232 error   code: 'EACCES',
232 error   path: '/usr/local/lib/node_modules/karma',
232 error   fstream_type: 'Directory',
232 error   fstream_path: '/usr/local/lib/node_modules/karma',
232 error   fstream_class: 'DirWriter',
232 error   fstream_stack:
232 error    [ 'DirWriter._create (/usr/local/lib/node_modules/npm/node_modules/fstream/lib/dir-writer.js:36:23)',
232 error      '/usr/local/lib/node_modules/npm/node_modules/mkdirp/index.js:51:17',
232 error      'Object.oncomplete (fs.js:297:15)' ] }
233 error Please try running this command again as root/Administrator.
234 error System Darwin 12.0.0
235 error command "node" "/usr/local/bin/npm" "install" "-g" "karma"
236 error cwd /Users/brian/Documents/angular
237 error node -v v0.8.2
238 error npm -v 1.1.36
239 error path /usr/local/lib/node_modules/karma
240 error fstream_path /usr/local/lib/node_modules/karma
241 error fstream_type Directory
242 error fstream_class DirWriter
243 error code EACCES
244 error message EACCES, mkdir '/usr/local/lib/node_modules/karma'
245 error errno 3
246 error fstream_stack DirWriter._create (/usr/local/lib/node_modules/npm/node_modules/fstream/lib/dir-writer.js:36:23)
246 error fstream_stack /usr/local/lib/node_modules/npm/node_modules/mkdirp/index.js:51:17
246 error fstream_stack Object.oncomplete (fs.js:297:15)
247 error 3 errno
248 verbose exit [ 3, true ]
